<?xml version="1.0" encoding="UTF-8"?>
<!-- Generated by org.testng.reporters.JUnitReportReporter -->
<testsuite skipped="0" hostname="DESKTOP-576CM0N" name="com.TBlocks_POC.BrokenLinks" tests="2" failures="0" timestamp="2020-09-23T21:45:03 IST" time="185.076" errors="1">
  <testcase name="BrokenLinkTestCase" time="144.325" classname="com.TBlocks_POC.BrokenLinks"/>
  <system-out>
 <h2> TS_WEB_002 :: To verify broken links of the web page. </h2> <h3> WebLink for which broken link is been checked  : -  <a> https://www.jio.com </a> </h3> <h4> Link Size : 34 </h4>   <h4>List of Broken Links </h4> <br></br><img src="pass.png" height="18" width="18"><Strong><font color=#008000>Pass</font></strong> https://www.jiosaavn.com/featured/weekly-top-15-hindi/8MT-LQlP35c_ -  <br> is a valid link. <br> <br> <br></br><img src="pass.png" height="18" width="18"><Strong><font color=#008000>Pass</font></strong> https://www.jiosaavn.com/ -  <br> is a valid link. <br> <br> <br></br><img src="pass.png" height="18" width="18"><Strong><font color=#008000>Pass</font></strong> https://www.jio.com/index-old.html -  <br> is a valid link. <br> <br> <br></br><img src="pass.png" height="18" width="18"><Strong><font color=#008000>Pass</font></strong> https://www.jio.com/fiber.html -  <br> is a valid link. <br> <br> <br></br><img src="pass.png" height="18" width="18"><Strong><font color=#008000>Pass</font></strong> https://www.jio.com/shop/cart -  <br> is a valid link. <br> <br> <br></br><img src="pass.png" height="18" width="18"><Strong><font color=#008000>Pass</font></strong> https://www.jio.com/welcome# -  <br> is a valid link. <br> <br> <br></br><img src="pass.png" height="18" width="18"><Strong><font color=#008000>Pass</font></strong> http://www.jio.com/zla/rechargenow -  <br> is a valid link. <br> <br> <br></br><img src="pass.png" height="18" width="18"><Strong><font color=#008000>Pass</font></strong> https://www.jio.com/JioApp/index.html?root=payBillNow -  <br> is a valid link. <br> <br> <br></br><img src="pass.png" height="18" width="18"><Strong><font color=#008000>Pass</font></strong> https://www.jio.com/dashboard/index.html?root=dashboard/myAccount -  <br> is a valid link. <br> <br> <br></br><img src="pass.png" height="18" width="18"><Strong><font color=#008000>Pass</font></strong> https://www.jio.com/dashboard/index.html?root=dashboard/manageAccounts -  <br> is a valid link. <br> <br> <br></br><img src="pass.png" height="18" width="18"><Strong><font color=#008000>Pass</font></strong> https://www.jio.com/selfcare/dashboard/mobility/order-tracking/ -  <br> is a valid link. <br> <br> <br></br><img src="pass.png" height="18" width="18"><Strong><font color=#008000>Pass</font></strong> https://www.jio.com/dashboard/index.html?root=dashboard/manageSupport -  <br> is a valid link. <br> <br> <br></br><img src="pass.png" height="18" width="18"><Strong><font color=#008000>Pass</font></strong> https://www.jio.com/selfcare/signout -  <br> is a valid link. <br> <br> <br></br><img src="pass.png" height="18" width="18"><Strong><font color=#008000>Pass</font></strong> https://www.jio.com/ -  <br> is a valid link. <br> <br> <br></br><img src="pass.png" height="18" width="18"><Strong><font color=#008000>Pass</font></strong> https://www.jio.com/index-old.html -  <br> is a valid link. <br> <br> <br></br><img src="pass.png" height="18" width="18"><Strong><font color=#008000>Pass</font></strong> https://www.jio.com/fiber.html -  <br> is a valid link. <br> <br> <br></br><img src="pass.png" height="18" width="18"><Strong><font color=#008000>Pass</font></strong> https://www.jio.com/welcome# -  <br> is a valid link. <br> <br> <br></br><img src="pass.png" height="18" width="18"><Strong><font color=#008000>Pass</font></strong> https://www.jio.com/en-in/4g-plans -  <br> is a valid link. <br> <br> <br></br><img src="pass.png" height="18" width="18"><Strong><font color=#008000>Pass</font></strong> https://www.jio.com/shop/en-in/c/jiofi -  <br> is a valid link. <br> <br> <br></br><img src="pass.png" height="18" width="18"><Strong><font color=#008000>Pass</font></strong> https://www.jio.com/en-in/apps -  <br> is a valid link. <br> <br> <br></br><img src="pass.png" height="18" width="18"><Strong><font color=#008000>Pass</font></strong> https://www.jio.com/en-in/jio-home-delivery-book-appointment.html -  <br> is a valid link. <br> <br> <br></br><img src="pass.png" height="18" width="18"><Strong><font color=#008000>Pass</font></strong> https://www.jio.com/en-in/selfhelp -  <br> is a valid link. <br> <br> <br></br><img src="pass.png" height="18" width="18"><Strong><font color=#008000>Pass</font></strong> http://www.jio.com/zla/rechargenow -  <br> is a valid link. <br> <br> <br></br><img src="pass.png" height="18" width="18"><Strong><font color=#008000>Pass</font></strong> https://www.jio.com/JioApp/index.html?root=payBillNow -  <br> is a valid link. <br> <br> <br></br><img src="pass.png" height="18" width="18"><Strong><font color=#008000>Pass</font></strong> https://www.jio.com/dashboard -  <br> is a valid link. <br> <br> <br></br><img src="pass.png" height="18" width="18"><Strong><font color=#008000>Pass</font></strong> https://www.jio.com/welcome# -  <br> is a valid link. <br> <br> <br></br><img src="pass.png" height="18" width="18"><Strong><font color=#008000>Pass</font></strong> https://www.jio.com/dashboard/index.html?root=dashboard/myAccount -  <br> is a valid link. <br> <br> <br></br><img src="pass.png" height="18" width="18"><Strong><font color=#008000>Pass</font></strong> https://www.jio.com/dashboard/index.html?root=dashboard/manageAccounts -  <br> is a valid link. <br> <br> <br></br><img src="pass.png" height="18" width="18"><Strong><font color=#008000>Pass</font></strong> https://www.jio.com/selfcare/dashboard/mobility/order-tracking/ -  <br> is a valid link. <br> <br> <br></br><img src="pass.png" height="18" width="18"><Strong><font color=#008000>Pass</font></strong> https://www.jio.com/dashboard/index.html?root=dashboard/manageSupport -  <br> is a valid link. <br> <br> <br></br><img src="pass.png" height="18" width="18"><Strong><font color=#008000>Pass</font></strong> https://www.jio.com/selfcare/signout -  <br> is a valid link. <br> <br> <br></br><img src="pass.png" height="18" width="18"><Strong><font color=#008000>Pass</font></strong> https://www.jio.com/shop/cart -  <br> is a valid link. <br> <br> <br></br><img src="pass.png" height="18" width="18"><Strong><font color=#008000>Pass</font></strong> https://www.jio.com/fiber.html -  <br> is a valid link. <br> <br> <br></br><img src="pass.png" height="18" width="18"><Strong><font color=#008000>Pass</font></strong> https://www.jio.com/index.html -  <br> is a valid link. <br> <br>  </system-out>
  <testcase name="BrokenLinkTestCase" time="40.751" classname="com.TBlocks_POC.BrokenLinks">
    <error type="java.net.SocketTimeoutException" message="connect timed out">
      <![CDATA[java.net.SocketTimeoutException: connect timed out
at java.net.DualStackPlainSocketImpl.waitForConnect(Native Method)
at java.net.DualStackPlainSocketImpl.socketConnect(DualStackPlainSocketImpl.java:81)
at java.net.AbstractPlainSocketImpl.doConnect(AbstractPlainSocketImpl.java:476)
at java.net.AbstractPlainSocketImpl.connectToAddress(AbstractPlainSocketImpl.java:218)
at java.net.AbstractPlainSocketImpl.connect(AbstractPlainSocketImpl.java:200)
at java.net.PlainSocketImpl.connect(PlainSocketImpl.java:162)
at java.net.SocksSocketImpl.connect(SocksSocketImpl.java:394)
at java.net.Socket.connect(Socket.java:606)
at sun.security.ssl.SSLSocketImpl.connect(SSLSocketImpl.java:286)
at sun.net.NetworkClient.doConnect(NetworkClient.java:175)
at sun.net.www.http.HttpClient.openServer(HttpClient.java:463)
at sun.net.www.http.HttpClient.openServer(HttpClient.java:558)
at sun.net.www.protocol.https.HttpsClient.<init>(HttpsClient.java:292)
at sun.net.www.protocol.https.HttpsClient.New(HttpsClient.java:395)
at sun.net.www.protocol.https.AbstractDelegateHttpsURLConnection.getNewHttpClient(AbstractDelegateHttpsURLConnection.java:191)
at sun.net.www.protocol.http.HttpURLConnection.plainConnect0(HttpURLConnection.java:1162)
at sun.net.www.protocol.http.HttpURLConnection.plainConnect(HttpURLConnection.java:1056)
at sun.net.www.protocol.https.AbstractDelegateHttpsURLConnection.connect(AbstractDelegateHttpsURLConnection.java:177)
at sun.net.www.protocol.https.HttpsURLConnectionImpl.connect(HttpsURLConnectionImpl.java:167)
at com.TBlocks_POC.BrokenLinks.BrokenLinkTestCase(BrokenLinks.java:87)
at sun.reflect.NativeMethodAccessorImpl.invoke0(Native Method)
at sun.reflect.NativeMethodAccessorImpl.invoke(NativeMethodAccessorImpl.java:62)
at sun.reflect.DelegatingMethodAccessorImpl.invoke(DelegatingMethodAccessorImpl.java:43)
at java.lang.reflect.Method.invoke(Method.java:498)
at org.testng.internal.MethodInvocationHelper.invokeMethod(MethodInvocationHelper.java:132)
at org.testng.internal.TestInvoker.invokeMethod(TestInvoker.java:599)
at org.testng.internal.TestInvoker.invokeTestMethod(TestInvoker.java:174)
at org.testng.internal.MethodRunner.runInSequence(MethodRunner.java:46)
at org.testng.internal.TestInvoker$MethodInvocationAgent.invoke(TestInvoker.java:822)
at org.testng.internal.TestInvoker.invokeTestMethods(TestInvoker.java:147)
at org.testng.internal.TestMethodWorker.invokeTestMethods(TestMethodWorker.java:146)
at org.testng.internal.TestMethodWorker.run(TestMethodWorker.java:128)
at java.util.ArrayList.forEach(ArrayList.java:1259)
at org.testng.TestRunner.privateRun(TestRunner.java:764)
at org.testng.TestRunner.run(TestRunner.java:585)
at org.testng.SuiteRunner.runTest(SuiteRunner.java:384)
at org.testng.SuiteRunner.access$000(SuiteRunner.java:28)
at org.testng.SuiteRunner$SuiteWorker.run(SuiteRunner.java:425)
at org.testng.internal.thread.ThreadUtil.lambda$execute$0(ThreadUtil.java:66)
at java.util.concurrent.FutureTask.run(FutureTask.java:266)
at java.util.concurrent.ThreadPoolExecutor.runWorker(ThreadPoolExecutor.java:1149)
at java.util.concurrent.ThreadPoolExecutor$Worker.run(ThreadPoolExecutor.java:624)
at java.lang.Thread.run(Thread.java:748)
]]>
    </error>
  </testcase> <!-- BrokenLinkTestCase -->
  <system-out>
 <h2> TS_WEB_002 :: To verify broken links of the web page. </h2> <h3> WebLink for which broken link is been checked  : -  <a> https://www.jio.com/shop/en-in/c/jiofi </a> </h3> <h4> Link Size : 99 </h4>   <h4>List of Broken Links </h4> <br></br><img src="pass.png" height="18" width="18"><Strong><font color=#008000>Pass</font></strong> https://www.jio.com/shop/en-in/c/jiofi -  <br> is a valid link. <br> <br> <br></br><img src="pass.png" height="18" width="18"><Strong><font color=#008000>Pass</font></strong> https://www.jio.com/fiber.html -  <br> is a valid link. <br> <br> <br></br><img src="pass.png" height="18" width="18"><Strong><font color=#008000>Pass</font></strong> https://www.jio.com/shop/cart -  <br> is a valid link. <br> <br>  </system-out>
</testsuite> <!-- com.TBlocks_POC.BrokenLinks -->
