<?xml version="1.0" encoding="UTF-8"?>
<!-- Generated by org.testng.reporters.JUnitReportReporter -->
<testsuite skipped="0" hostname="DESKTOP-576CM0N" name="com.TBlocks_POC.TblocksIndex" tests="2" failures="1" timestamp="2020-09-24T11:37:59 IST" time="33.715" errors="0">
  <testcase name="jio_verify2GBPlansPositiveFlow" time="17.029" classname="com.TBlocks_POC.TblocksIndex"/>
  <system-out>
<br></br><strong>TS_WEB_003 :: To verify 2 GB/Day Packs pricing of plans, validity and benefits.</strong> <br></br><img src="info.png" alt="Info" height="18" width="18"><font color=#000080>Verify user can see Jio plans screen.</font> <br></br><img src="pass.png" height="18" width="18"><Strong><font color=#008000>Pass</font></strong> <br></br><img src="info.png" alt="Info" height="18" width="18"><font color=#000080>Verify pricing of 2GB/Day plans should be as below <br> Verify first plan of 2GB/Day Page.</font> <br></br><strong>----------------Details on Jio Popular Plans Page-------------</strong> <br></br><strong>First Plan Price :  : </strong><font color=#9400D3>598</font> <br></br><strong>First Plan Validity :  : </strong><font color=#9400D3>56 days</font> <br></br><strong>First Plan Benefits :  : </strong><font color=#9400D3>Unlimited 112GB & Disney+ Hotstar</font> <br></br><strong>----------------Details of Jio Popular Plans in excel sheet -------------</strong> <br></br><strong>First plan price :  : </strong><font color=#9400D3>598</font> <br></br><strong>First plan validity :  : </strong><font color=#9400D3>56 days</font> <br></br><strong>First Plan Benefits :  : </strong><font color=#9400D3>112GB & Disney+ Hotstar</font> <br></br><img src="info.png" alt="Info" height="18" width="18"><font color=#000080>Verify first plan 2GB/Day details are same on screen and excel sheet.</font> <br></br><img src="pass.png" height="18" width="18"><Strong><font color=#008000>Pass</font></strong> <br></br><img src="info.png" alt="Info" height="18" width="18"><font color=#000080>Verify pricing of 2GB/Day plans should be as below <br> Verify second plan of 2GB/Day Page.</font> <br></br><strong>----------------Details on Jio Popular Plans Page-------------</strong> <br></br><strong>Second Plan Price :  : </strong><font color=#9400D3>2599</font> <br></br><strong>Second Plan Validity :  : </strong><font color=#9400D3>365 days</font> <br></br><strong>Second Plan Benefits :  : </strong><font color=#9400D3>Unlimited 740GB & Disney+ Hotstar</font> <br></br><strong>----------------Details of Jio Popular Plans in excel sheet -------------</strong> <br></br><strong>Second plan price :  : </strong><font color=#9400D3>2599</font> <br></br><strong>Second plan validity :  : </strong><font color=#9400D3>365 days</font> <br></br><strong>Second Plan Benefits :  : </strong><font color=#9400D3>740GB & Disney+ Hotstar</font> <br></br><img src="info.png" alt="Info" height="18" width="18"><font color=#000080>Verify Second plan 2GB/Day details are same on screen and excel sheet.</font> <br></br><img src="pass.png" height="18" width="18"><Strong><font color=#008000>Pass</font></strong> <br></br><img src="info.png" alt="Info" height="18" width="18"><font color=#000080>Verify pricing of 2GB/Day plans should be as below <br> Verify third plan of 2GB/Day Page.</font> <br></br><strong>----------------Details on Jio Popular Plans Page-------------</strong> <br></br><strong>Third Plan Price :  : </strong><font color=#9400D3>2399</font> <br></br><strong>Third Plan Validity :  : </strong><font color=#9400D3>365 days</font> <br></br><strong>Third Plan Benefits :  : </strong><font color=#9400D3>730 GB</font> <br></br><strong>----------------Details of Jio Popular Plans in excel sheet -------------</strong> <br></br><strong>Third plan price :  : </strong><font color=#9400D3>2399</font> <br></br><strong>Third plan validity :  : </strong><font color=#9400D3>365 days</font> <br></br><strong>Third Plan Benefits :  : </strong><font color=#9400D3>730 GB </font> <br></br><img src="info.png" alt="Info" height="18" width="18"><font color=#000080>Verify Third plan 2GB/Day details are same on screen and excel sheet.</font> <br></br><img src="pass.png" height="18" width="18"><Strong><font color=#008000>Pass</font></strong> <br></br><img src="info.png" alt="Info" height="18" width="18"><font color=#000080>Verify pricing of 2GB/Day plans should be as below <br> Verify forth plan of 2GB/Day Page.</font> <br></br><strong>----------------Details on Jio Popular Plans Page-------------</strong> <br></br><strong>Forth Plan Price :  : </strong><font color=#9400D3>599</font> <br></br><strong>Forth Plan Validity :  : </strong><font color=#9400D3>84 days</font> <br></br><strong>Forth Plan Benefits :  : </strong><font color=#9400D3>168 GB</font> <br></br><strong>----------------Details of Jio Popular Plans in excel sheet -------------</strong> <br></br><strong>Forth plan price :  : </strong><font color=#9400D3>599</font> <br></br><strong>Forth plan validity :  : </strong><font color=#9400D3>84 days</font> <br></br><strong>Forth Plan Benefits :  : </strong><font color=#9400D3>168 GB </font> <br></br><img src="info.png" alt="Info" height="18" width="18"><font color=#000080>Verify Forth plan 2GB/Day details are same on screen and excel sheet.</font> <br></br><img src="pass.png" height="18" width="18"><Strong><font color=#008000>Pass</font></strong> <br></br><img src="info.png" alt="Info" height="18" width="18"><font color=#000080>Verify pricing of 2GB/Day plans should be as below <br> Verify fifth plan of 2GB/Day Page.</font> <br></br><strong>----------------Details on Jio Popular Plans Page-------------</strong> <br></br><strong>Fifth Plan Price :  : </strong><font color=#9400D3>444</font> <br></br><strong>Fifth Plan Validity :  : </strong><font color=#9400D3>56 days</font> <br></br><strong>Fifth Plan Benefits :  : </strong><font color=#9400D3>112 GB</font> <br></br><strong>----------------Details of Jio Popular Plans in excel sheet -------------</strong> <br></br><strong>Fifth plan price :  : </strong><font color=#9400D3>444</font> <br></br><strong>Fifth plan validity :  : </strong><font color=#9400D3>56 days</font> <br></br><strong>Fifth Plan Benefits :  : </strong><font color=#9400D3>112 GB </font> <br></br><img src="info.png" alt="Info" height="18" width="18"><font color=#000080>Verify Fifth plan 2GB/Day details are same on screen and excel sheet.</font> <br></br><img src="pass.png" height="18" width="18"><Strong><font color=#008000>Pass</font></strong> <br></br><img src="info.png" alt="Info" height="18" width="18"><font color=#000080>Verify pricing of 2GB/Day plans should be as below <br> Verify sixth plan of 2GB/Day Page.</font> <br></br><strong>----------------Details on Jio Popular Plans Page-------------</strong> <br></br><strong>Sixth Plan Price :  : </strong><font color=#9400D3>249</font> <br></br><strong>Sixth Plan Validity :  : </strong><font color=#9400D3>28 days</font> <br></br><strong>Sixth Plan Benefits :  : </strong><font color=#9400D3>56 GB</font> <br></br><strong>----------------Details of Jio Popular Plans in excel sheet -------------</strong> <br></br><strong>Sixth plan price :  : </strong><font color=#9400D3>249</font> <br></br><strong>Sixth plan validity :  : </strong><font color=#9400D3>28 days</font> <br></br><strong>Sixth Plan Benefits :  : </strong><font color=#9400D3>56 GB </font> <br></br><img src="info.png" alt="Info" height="18" width="18"><font color=#000080>Verify Sixth plan 2GB/Day details are same on screen and excel sheet.</font> <br></br><img src="pass.png" height="18" width="18"><Strong><font color=#008000>Pass</font></strong>  </system-out>
  <testcase name="jio_verify2GBPlansNegativeFlow" time="16.686" classname="com.TBlocks_POC.TblocksIndex">
    <failure type="java.lang.AssertionError" message="Test Verification failed, please check test logs.">
      <![CDATA[java.lang.AssertionError: Test Verification failed, please check test logs.
at org.testng.Assert.fail(Assert.java:99)
at com.TBlocks_POC.TblocksIndex.jio_verify2GBPlansNegativeFlow(TblocksIndex.java:297)
at sun.reflect.NativeMethodAccessorImpl.invoke0(Native Method)
at sun.reflect.NativeMethodAccessorImpl.invoke(NativeMethodAccessorImpl.java:62)
at sun.reflect.DelegatingMethodAccessorImpl.invoke(DelegatingMethodAccessorImpl.java:43)
at java.lang.reflect.Method.invoke(Method.java:498)
at org.testng.internal.MethodInvocationHelper.invokeMethod(MethodInvocationHelper.java:132)
at org.testng.internal.TestInvoker.invokeMethod(TestInvoker.java:599)
at org.testng.internal.TestInvoker.invokeTestMethod(TestInvoker.java:174)
at org.testng.internal.MethodRunner.runInSequence(MethodRunner.java:46)
at org.testng.internal.TestInvoker$MethodInvocationAgent.invoke(TestInvoker.java:822)
at org.testng.internal.TestInvoker.invokeTestMethods(TestInvoker.java:147)
at org.testng.internal.TestMethodWorker.invokeTestMethods(TestMethodWorker.java:146)
at org.testng.internal.TestMethodWorker.run(TestMethodWorker.java:128)
at java.util.ArrayList.forEach(ArrayList.java:1259)
at org.testng.TestRunner.privateRun(TestRunner.java:764)
at org.testng.TestRunner.run(TestRunner.java:585)
at org.testng.SuiteRunner.runTest(SuiteRunner.java:384)
at org.testng.SuiteRunner.runSequentially(SuiteRunner.java:378)
at org.testng.SuiteRunner.privateRun(SuiteRunner.java:337)
at org.testng.SuiteRunner.run(SuiteRunner.java:286)
at org.testng.SuiteRunnerWorker.runSuite(SuiteRunnerWorker.java:53)
at org.testng.SuiteRunnerWorker.run(SuiteRunnerWorker.java:96)
at org.testng.TestNG.runSuitesSequentially(TestNG.java:1218)
at org.testng.TestNG.runSuitesLocally(TestNG.java:1140)
at org.testng.TestNG.runSuites(TestNG.java:1069)
at org.testng.TestNG.run(TestNG.java:1037)
at com.intellij.rt.testng.IDEARemoteTestNG.run(IDEARemoteTestNG.java:66)
at com.intellij.rt.testng.RemoteTestNGStarter.main(RemoteTestNGStarter.java:110)
]]>
    </failure>
  </testcase> <!-- jio_verify2GBPlansNegativeFlow -->
  <system-out>
<br></br><strong>TS_WEB_004 :: To verify 2 GB/Day Packs pricing of plans, validity and benefits Negative flow.</strong> <br></br><img src="info.png" alt="Info" height="18" width="18"><font color=#000080>Verify user can see Jio plans screen.</font> <br></br><img src="pass.png" height="18" width="18"><Strong><font color=#008000>Pass</font></strong> <br></br><img src="info.png" alt="Info" height="18" width="18"><font color=#000080>Verify pricing of 2GB/Day plans should be as below <br> Verify first plan of 2GB/Day Page.</font> <br></br><strong>----------------Details on Jio Popular Plans Page-------------</strong> <br></br><strong>First Plan Price :  : </strong><font color=#9400D3>598</font> <br></br><strong>First Plan Validity :  : </strong><font color=#9400D3>56 days</font> <br></br><strong>First Plan Benefits :  : </strong><font color=#9400D3>Unlimited 112GB & Disney+ Hotstar</font> <br></br><strong>----------------Details of Jio Popular Plans in excel sheet -------------</strong> <br></br><strong>First plan price :  : </strong><font color=#9400D3>698</font> <br></br><strong>First plan validity :  : </strong><font color=#9400D3>30 days</font> <br></br><strong>First Plan Benefits :  : </strong><font color=#9400D3>112GB & Disney+ Hotstar</font> <br></br><img src="info.png" alt="Info" height="18" width="18"><font color=#000080>Verify first plan 2GB/Day details are same on screen and excel sheet.</font> <br></br><br><Strong><font color=#FF0000>--- Failure Screen Image ---</font></strong><br> <br></br><a href='../test-output/screenshots/0924113754754.png' target='_new'>0924113754754.png</a> <br></br><img src="fail.png" alt="Fail" height="18" width="18"><Strong><font color=#ff0000>Fail</font></strong> <br></br><img src="info.png" alt="Info" height="18" width="18"><font color=#000080>Verify pricing of 2GB/Day plans should be as below <br> Verify second plan of 2GB/Day Page.</font> <br></br><strong>----------------Details on Jio Popular Plans Page-------------</strong> <br></br><strong>Second Plan Price :  : </strong><font color=#9400D3>2599</font> <br></br><strong>Second Plan Validity :  : </strong><font color=#9400D3>365 days</font> <br></br><strong>Second Plan Benefits :  : </strong><font color=#9400D3>Unlimited 740GB & Disney+ Hotstar</font> <br></br><strong>----------------Details of Jio Popular Plans in excel sheet -------------</strong> <br></br><strong>Second plan price :  : </strong><font color=#9400D3>2599</font> <br></br><strong>Second plan validity :  : </strong><font color=#9400D3>365 days</font> <br></br><strong>Second Plan Benefits :  : </strong><font color=#9400D3>740GB & Disney+ Hotstar</font> <br></br><img src="info.png" alt="Info" height="18" width="18"><font color=#000080>Verify Second plan 2GB/Day details are same on screen and excel sheet.</font> <br></br><img src="pass.png" height="18" width="18"><Strong><font color=#008000>Pass</font></strong> <br></br><img src="info.png" alt="Info" height="18" width="18"><font color=#000080>Verify pricing of 2GB/Day plans should be as below <br> Verify third plan of 2GB/Day Page.</font> <br></br><strong>----------------Details on Jio Popular Plans Page-------------</strong> <br></br><strong>Third Plan Price :  : </strong><font color=#9400D3>2399</font> <br></br><strong>Third Plan Validity :  : </strong><font color=#9400D3>365 days</font> <br></br><strong>Third Plan Benefits :  : </strong><font color=#9400D3>730 GB</font> <br></br><strong>----------------Details of Jio Popular Plans in excel sheet -------------</strong> <br></br><strong>Third plan price :  : </strong><font color=#9400D3>2399</font> <br></br><strong>Third plan validity :  : </strong><font color=#9400D3>365 days</font> <br></br><strong>Third Plan Benefits :  : </strong><font color=#9400D3>1 GB </font> <br></br><img src="info.png" alt="Info" height="18" width="18"><font color=#000080>Verify Third plan 2GB/Day details are same on screen and excel sheet.</font> <br></br><br><Strong><font color=#FF0000>--- Failure Screen Image ---</font></strong><br> <br></br><a href='../test-output/screenshots/0924113755611.png' target='_new'>0924113755611.png</a> <br></br><img src="fail.png" alt="Fail" height="18" width="18"><Strong><font color=#ff0000>Fail</font></strong> <br></br><img src="info.png" alt="Info" height="18" width="18"><font color=#000080>Verify pricing of 2GB/Day plans should be as below <br> Verify forth plan of 2GB/Day Page.</font> <br></br><strong>----------------Details on Jio Popular Plans Page-------------</strong> <br></br><strong>Forth Plan Price :  : </strong><font color=#9400D3>599</font> <br></br><strong>Forth Plan Validity :  : </strong><font color=#9400D3>84 days</font> <br></br><strong>Forth Plan Benefits :  : </strong><font color=#9400D3>168 GB</font> <br></br><strong>----------------Details of Jio Popular Plans in excel sheet -------------</strong> <br></br><strong>Forth plan price :  : </strong><font color=#9400D3>599</font> <br></br><strong>Forth plan validity :  : </strong><font color=#9400D3>84 days</font> <br></br><strong>Forth Plan Benefits :  : </strong><font color=#9400D3>168 GB </font> <br></br><img src="info.png" alt="Info" height="18" width="18"><font color=#000080>Verify Forth plan 2GB/Day details are same on screen and excel sheet.</font> <br></br><img src="pass.png" height="18" width="18"><Strong><font color=#008000>Pass</font></strong> <br></br><img src="info.png" alt="Info" height="18" width="18"><font color=#000080>Verify pricing of 2GB/Day plans should be as below <br> Verify fifth plan of 2GB/Day Page.</font> <br></br><strong>----------------Details on Jio Popular Plans Page-------------</strong> <br></br><strong>Fifth Plan Price :  : </strong><font color=#9400D3>444</font> <br></br><strong>Fifth Plan Validity :  : </strong><font color=#9400D3>56 days</font> <br></br><strong>Fifth Plan Benefits :  : </strong><font color=#9400D3>112 GB</font> <br></br><strong>----------------Details of Jio Popular Plans in excel sheet -------------</strong> <br></br><strong>Fifth plan price :  : </strong><font color=#9400D3>444</font> <br></br><strong>Fifth plan validity :  : </strong><font color=#9400D3>56 days</font> <br></br><strong>Fifth Plan Benefits :  : </strong><font color=#9400D3>112 GB </font> <br></br><img src="info.png" alt="Info" height="18" width="18"><font color=#000080>Verify Fifth plan 2GB/Day details are same on screen and excel sheet.</font> <br></br><img src="pass.png" height="18" width="18"><Strong><font color=#008000>Pass</font></strong> <br></br><img src="info.png" alt="Info" height="18" width="18"><font color=#000080>Verify pricing of 2GB/Day plans should be as below <br> Verify sixth plan of 2GB/Day Page.</font> <br></br><strong>----------------Details on Jio Popular Plans Page-------------</strong> <br></br><strong>Sixth Plan Price :  : </strong><font color=#9400D3>249</font> <br></br><strong>Sixth Plan Validity :  : </strong><font color=#9400D3>28 days</font> <br></br><strong>Sixth Plan Benefits :  : </strong><font color=#9400D3>56 GB</font> <br></br><strong>----------------Details of Jio Popular Plans in excel sheet -------------</strong> <br></br><strong>Sixth plan price :  : </strong><font color=#9400D3>2492</font> <br></br><strong>Sixth plan validity :  : </strong><font color=#9400D3>28 days</font> <br></br><strong>Sixth Plan Benefits :  : </strong><font color=#9400D3>56 GB </font> <br></br><img src="info.png" alt="Info" height="18" width="18"><font color=#000080>Verify Sixth plan 2GB/Day details are same on screen and excel sheet.</font> <br></br><br><Strong><font color=#FF0000>--- Failure Screen Image ---</font></strong><br> <br></br><a href='../test-output/screenshots/0924113756670.png' target='_new'>0924113756670.png</a> <br></br><img src="fail.png" alt="Fail" height="18" width="18"><Strong><font color=#ff0000>Fail</font></strong> <br></br><br><Strong><font color=#FF0000>--- Failure Screen Image ---</font></strong><br> <br></br><a href='../test-output/screenshots/0924113757434jio_verify2GBPlansNegativeFlow.png' target='_new'>0924113757434jio_verify2GBPlansNegativeFlow.png</a> <br></br><img src="fail.png" alt="Fail" height="18" width="18"><Strong><font color=#ff0000>Fail</font></strong> <br></br><strong>Failure Reason: : </strong><font color=#9400D3></font> <br></br><img src="warning.png" alt="Warning" height="18" width="18">Validation Message : <Strong><font color=#ff0000>java.lang.AssertionError: Test Verification failed, please check test logs.</strong></font>  </system-out>
</testsuite> <!-- com.TBlocks_POC.TblocksIndex -->
