<?xml version="1.0" encoding="UTF-8"?>
<!-- Generated by org.testng.reporters.JUnitReportReporter -->
<testsuite skipped="0" hostname="DESKTOP-576CM0N" name="com.Zain.BrokenLinks" tests="2" failures="1" timestamp="2020-09-16T18:28:59 IST" time="208.297" errors="0">
  <testcase name="BrokenLinkTestCase" time="126.811" classname="com.Zain.BrokenLinks"/>
  <system-out>
BrokenLinks :: To verify broken links of the web page. https://www.jiosaavn.com/featured/weekly-top-15-hindi/8MT-LQlP35c_ - is a valid link. https://www.jiosaavn.com/ - is a valid link. https://www.jio.com/index-old.html - is a valid link. https://www.jio.com/fiber.html - is a valid link. https://www.jio.com/shop/cart - is a valid link. https://www.jio.com/welcome# - is a valid link. http://www.jio.com/zla/rechargenow - is a valid link. https://www.jio.com/JioApp/index.html?root=payBillNow - is a valid link. https://www.jio.com/dashboard/index.html?root=dashboard/myAccount - is a valid link. https://www.jio.com/dashboard/index.html?root=dashboard/manageAccounts - is a valid link. https://www.jio.com/selfcare/dashboard/mobility/order-tracking/ - is a valid link. https://www.jio.com/dashboard/index.html?root=dashboard/manageSupport - is a valid link. https://www.jio.com/selfcare/signout - is a valid link. https://www.jio.com/ - is a valid link. https://www.jio.com/index-old.html - is a valid link. https://www.jio.com/fiber.html - is a valid link. https://www.jio.com/welcome# - is a valid link. https://www.jio.com/en-in/4g-plans - is a valid link. https://www.jio.com/shop/en-in/c/jiofi - is a valid link. https://www.jio.com/en-in/apps - is a valid link. https://www.jio.com/en-in/jio-home-delivery-book-appointment.html - is a valid link. https://www.jio.com/en-in/selfhelp - is a valid link. http://www.jio.com/zla/rechargenow - is a valid link. https://www.jio.com/JioApp/index.html?root=payBillNow - is a valid link. https://www.jio.com/dashboard - is a valid link. https://www.jio.com/welcome# - is a valid link. https://www.jio.com/dashboard/index.html?root=dashboard/myAccount - is a valid link. https://www.jio.com/dashboard/index.html?root=dashboard/manageAccounts - is a valid link. https://www.jio.com/selfcare/dashboard/mobility/order-tracking/ - is a valid link. https://www.jio.com/dashboard/index.html?root=dashboard/manageSupport - is a valid link. https://www.jio.com/selfcare/signout - is a valid link. https://www.jio.com/shop/cart - is a valid link. https://www.jio.com/fiber.html - is a valid link. https://www.jio.com/index.html - is a valid link.  </system-out>
  <testcase name="BrokenLinkTestCase" time="81.486" classname="com.Zain.BrokenLinks">
    <failure type="java.lang.AssertionError" message="Test Verification failed, please check test logs.">
      <![CDATA[java.lang.AssertionError: Test Verification failed, please check test logs.
at org.testng.Assert.fail(Assert.java:99)
at com.Zain.BrokenLinks.BrokenLinkTestCase(BrokenLinks.java:97)
at sun.reflect.NativeMethodAccessorImpl.invoke0(Native Method)
at sun.reflect.NativeMethodAccessorImpl.invoke(NativeMethodAccessorImpl.java:62)
at sun.reflect.DelegatingMethodAccessorImpl.invoke(DelegatingMethodAccessorImpl.java:43)
at java.lang.reflect.Method.invoke(Method.java:498)
at org.testng.internal.MethodInvocationHelper.invokeMethod(MethodInvocationHelper.java:132)
at org.testng.internal.TestInvoker.invokeMethod(TestInvoker.java:599)
at org.testng.internal.TestInvoker.invokeTestMethod(TestInvoker.java:174)
at org.testng.internal.MethodRunner.runInSequence(MethodRunner.java:46)
at org.testng.internal.TestInvoker$MethodInvocationAgent.invoke(TestInvoker.java:822)
at org.testng.internal.TestInvoker.invokeTestMethods(TestInvoker.java:147)
at org.testng.internal.TestMethodWorker.invokeTestMethods(TestMethodWorker.java:146)
at org.testng.internal.TestMethodWorker.run(TestMethodWorker.java:128)
at java.util.ArrayList.forEach(ArrayList.java:1259)
at org.testng.TestRunner.privateRun(TestRunner.java:764)
at org.testng.TestRunner.run(TestRunner.java:585)
at org.testng.SuiteRunner.runTest(SuiteRunner.java:384)
at org.testng.SuiteRunner.runSequentially(SuiteRunner.java:378)
at org.testng.SuiteRunner.privateRun(SuiteRunner.java:337)
at org.testng.SuiteRunner.run(SuiteRunner.java:286)
at org.testng.SuiteRunnerWorker.runSuite(SuiteRunnerWorker.java:53)
at org.testng.SuiteRunnerWorker.run(SuiteRunnerWorker.java:96)
at org.testng.TestNG.runSuitesSequentially(TestNG.java:1218)
at org.testng.TestNG.runSuitesLocally(TestNG.java:1140)
at org.testng.TestNG.runSuites(TestNG.java:1069)
at org.testng.TestNG.run(TestNG.java:1037)
at com.intellij.rt.testng.IDEARemoteTestNG.run(IDEARemoteTestNG.java:66)
at com.intellij.rt.testng.RemoteTestNGStarter.main(RemoteTestNGStarter.java:110)
]]>
    </failure>
  </testcase> <!-- BrokenLinkTestCase -->
  <system-out>
BrokenLinks :: To verify broken links of the web page. https://www.jio.com/shop/en-in/c/jiofi - is a valid link. https://www.jio.com/fiber.html - is a valid link. https://www.jio.com/shop/cart - is a valid link. https://www.jio.com/shop/en-in/c/jiofi# - is a valid link. https://www.jio.com/en-in/4g-plans - is a valid link. https://www.jio.com/shop/c/JioFi - is a valid link. https://www.jio.com/en-in/apps - is a valid link. https://www.jio.com/en-in/jio-home-delivery-book-appointment.html - is a valid link. http://www.jio.com/ - is a valid link. https://www.jio.com/en-in/selfhelp - is a valid link. https://www.jio.com/shop/en-in/c/jiofi# - is a valid link. https://www.jio.com/selfcare/recharge/mobility/ - is a valid link. https://www.jio.com/shop/en-in/c/jiofi# - is a valid link. https://www.jio.com/JioApp/index.html?root=payBillNow - is a valid link. https://www.jio.com/dashboard/ - is a valid link. https://www.jio.com/dashboard/index.html?root=dashboard/myAccount - is a valid link. https://www.jio.com/Jio/portal/aboutMe?_adf.ctrl-state=b2hkomc53_4 - is a valid link. https://www.jio.com/dashboard/index.html?root=dashboard/manageAccounts - is a valid link. https://www.jio.com/selfcare/dashboard/mobility/order-tracking/ - is a valid link. https://www.jio.com/dashboard/index.html?root=dashboard/manageSupport - is a valid link. https://www.jio.com/shop/en-in/c/quick-recharge.html - is a broken link.  </system-out>
</testsuite> <!-- com.Zain.BrokenLinks -->
