<?xml version="1.0" encoding="UTF-8"?>
<!-- Generated by org.testng.reporters.JUnitReportReporter -->
<testsuite skipped="0" hostname="DESKTOP-576CM0N" name="com.Zain.ZainIndex" tests="1" failures="1" timestamp="2020-09-17T14:58:44 IST" time="89.902" errors="0">
  <testcase name="verifyLogin_Dashboard_Price" time="89.902" classname="com.Zain.ZainIndex">
    <failure type="java.lang.AssertionError" message="Test Verification failed, please check test logs.">
      <![CDATA[java.lang.AssertionError: Test Verification failed, please check test logs.
at org.testng.Assert.fail(Assert.java:99)
at com.Zain.ZainIndex.verifyLogin_Dashboard_Price(ZainIndex.java:151)
at sun.reflect.NativeMethodAccessorImpl.invoke0(Native Method)
at sun.reflect.NativeMethodAccessorImpl.invoke(NativeMethodAccessorImpl.java:62)
at sun.reflect.DelegatingMethodAccessorImpl.invoke(DelegatingMethodAccessorImpl.java:43)
at java.lang.reflect.Method.invoke(Method.java:498)
at org.testng.internal.MethodInvocationHelper.invokeMethod(MethodInvocationHelper.java:132)
at org.testng.internal.TestInvoker.invokeMethod(TestInvoker.java:599)
at org.testng.internal.TestInvoker.invokeTestMethod(TestInvoker.java:174)
at org.testng.internal.MethodRunner.runInSequence(MethodRunner.java:46)
at org.testng.internal.TestInvoker$MethodInvocationAgent.invoke(TestInvoker.java:822)
at org.testng.internal.TestInvoker.invokeTestMethods(TestInvoker.java:147)
at org.testng.internal.TestMethodWorker.invokeTestMethods(TestMethodWorker.java:146)
at org.testng.internal.TestMethodWorker.run(TestMethodWorker.java:128)
at java.util.ArrayList.forEach(ArrayList.java:1259)
at org.testng.TestRunner.privateRun(TestRunner.java:764)
at org.testng.TestRunner.run(TestRunner.java:585)
at org.testng.SuiteRunner.runTest(SuiteRunner.java:384)
at org.testng.SuiteRunner.runSequentially(SuiteRunner.java:378)
at org.testng.SuiteRunner.privateRun(SuiteRunner.java:337)
at org.testng.SuiteRunner.run(SuiteRunner.java:286)
at org.testng.SuiteRunnerWorker.runSuite(SuiteRunnerWorker.java:53)
at org.testng.SuiteRunnerWorker.run(SuiteRunnerWorker.java:96)
at org.testng.TestNG.runSuitesSequentially(TestNG.java:1218)
at org.testng.TestNG.runSuitesLocally(TestNG.java:1140)
at org.testng.TestNG.runSuites(TestNG.java:1069)
at org.testng.TestNG.run(TestNG.java:1037)
at com.intellij.rt.testng.IDEARemoteTestNG.run(IDEARemoteTestNG.java:66)
at com.intellij.rt.testng.RemoteTestNGStarter.main(RemoteTestNGStarter.java:110)
]]>
    </failure>
  </testcase> <!-- verifyLogin_Dashboard_Price -->
  <system-out>
<br></br><strong>TS_WEB_001 ::  To perform login, verify Dashboard and Add device from E-Shop and price verification.</strong> <br></br><img src="info.png" alt="Info" height="18" width="18"><font color=#000080>Version is not available for the current build.</font> <br></br><img src="info.png" alt="Info" height="18" width="18"><font color=#000080>To verify that user can see the home page of the " Zain Web Application " .</font> <br></br><img src="pass.png" height="18" width="18"><Strong><font color=#008000>Pass</font></strong> <br></br>Step 1 : Click on My Zain Account button from the top right corner of the web application. <br></br><img src="info.png" alt="Info" height="18" width="18"><font color=#000080>Verify that user can see " Login Screen " of zain web application with following fields.<br> 1. Zain Logo <br> 2. Login Panel <br> 3. Register Panel<br> 4. Personal Tab<br> 5. Business Tab.
<br> 6. E-Shop Tab.
<br> 7. I am looking for Search field.
<br> 8. Follow us Icons
<br> 9. Footer Text
<br> 10. Header Hyperlinks
</font> <br></br><img src="pass.png" height="18" width="18"><Strong><font color=#008000>Pass</font></strong> <br></br>Step 2 : Enter Credentials for login. <br></br><strong>Email Address : </strong><font color=#9400D3>voicetest290@gmail.com</font> <br></br>Step 3 : Click on Sign in button. <br></br><img src="info.png" alt="Info" height="18" width="18"><font color=#000080>Verify user is directed to the dashboard screen after successful login and verify following details.<br> 1. Logged in user name
<br> 2. Add to cart button
<br> 3. Zain Logo
<br> 4. Personal Tab
<br> 5. Business Tab
<br> 6. E-Shop Tab
<br> 7. 5G Tab
<br  8. Notifications dropdown
<br> 9. I am looking for Search field.
<br> 10. Profile Picture of user.
<br> 11. Name 
<br> 12. Nickname
</font> <br></br><strong>Logged in User Name :  : </strong><font color=#9400D3>Rutu Shah</font> <br></br><strong>Logged in User's NickName :  : </strong><font color=#9400D3>Rutu</font> <br></br><img src="pass.png" height="18" width="18"><Strong><font color=#008000>Pass</font></strong> <br></br>Step 4 : Click on E-Shop Tab. <br></br><img src="info.png" alt="Info" height="18" width="18"><font color=#000080>Verify user can see E-Shop Screen's content.</font> <br></br><strong>Total Available Products :  : </strong><font color=#9400D3>5</font> <br></br><img src="pass.png" height="18" width="18"><Strong><font color=#008000>Pass</font></strong> <br></br>Step 5 : Click on First available product. <br></br><img src="info.png" alt="Info" height="18" width="18"><font color=#000080>Verify selected product screen.</font> <br></br><img src="pass.png" height="18" width="18"><Strong><font color=#008000>Pass</font></strong> <br></br>Step 6 : Observe and click on the first thumbnail. <br></br><img src="info.png" alt="Info" height="18" width="18"><font color=#000080>Verify user can see information page of the thumbnail.</font> <br></br><img src="pass.png" height="18" width="18"><Strong><font color=#008000>Pass</font></strong> <br></br><img src="info.png" alt="Info" height="18" width="18"><font color=#000080>Verify select Iphone SE with black color and model number</font> <br></br><strong>Currently selected Mobile Color :   : </strong><font color=#9400D3>White</font> <br></br><img src="info.png" alt="Info" height="18" width="18"><font color=#000080>Currently selected Mobile Model  : 64 GB</font> <br></br><img src="info.png" alt="Info" height="18" width="18"><font color=#000080>Currently selected Mobile price   : 1819.00</font> <br></br><strong>Step Failure<br>Please check attached screenshot : <br><br> : </strong><font color=#9400D3><img src='../test-output/screenshots/0917145834313.png' width='683' height='384'/></font> <br></br><img src="fail.png" alt="Fail" height="18" width="18"><Strong><font color=#ff0000>Fail</font></strong> <br></br>Step 7 : Click on user name <br></br>Step 8 : Click on Logout. <br></br><img src="info.png" alt="Info" height="18" width="18"><font color=#000080>Verify the user is logout successfully.</font> <br></br><img src="pass.png" height="18" width="18"><Strong><font color=#008000>Pass</font></strong> <br></br><strong>Step Failure<br>Please check attached screenshot : <br><br> : </strong><font color=#9400D3><img src='../test-output/screenshots/0917145842406verifyLogin_Dashboard_Price.png' width='683' height='384'/></font> <br></br><img src="fail.png" alt="Fail" height="18" width="18"><Strong><font color=#ff0000>Fail</font></strong> <br></br><strong>Failure Reason: : </strong><font color=#9400D3></font> <br></br><img src="warning.png" alt="Warning" height="18" width="18">Validation Message : <Strong><font color=#ff0000>java.lang.AssertionError: Test Verification failed, please check test logs.</strong></font>  </system-out>
</testsuite> <!-- com.Zain.ZainIndex -->
