<?xml version="1.0" encoding="UTF-8"?>
<!-- Generated by org.testng.reporters.JUnitReportReporter -->
<testsuite skipped="0" hostname="DESKTOP-576CM0N" name="com.TBlocks_POC.TblocksIndex" tests="1" failures="0" timestamp="2020-09-22T10:26:03 IST" time="104.280" errors="0">
  <testcase name="verifyLogin_Dashboard_Price" time="104.280" classname="com.TBlocks_POC.TblocksIndex"/>
  <system-out>
<br></br><strong>TS_WEB_001 ::  To perform login, verify Dashboard and Add device from E-Shop and price verification.</strong> <br></br><img src="info.png" alt="Info" height="18" width="18"><font color=#000080>Version is not available for the current build.</font> <br></br><img src="info.png" alt="Info" height="18" width="18"><font color=#000080>To verify that user can see the home page of the " Zain Web Application " .</font> <br></br><img src="pass.png" height="18" width="18"><Strong><font color=#008000>Pass</font></strong> <br></br>Step 1 : Click on My Zain Account button from the top right corner of the web application. <br></br><img src="info.png" alt="Info" height="18" width="18"><font color=#000080>Verify that user can see " Login Screen " of zain web application with following fields.<br> 1. Zain Logo <br> 2. Login Panel <br> 3. Register Panel<br> 4. Personal Tab<br> 5. Business Tab.
<br> 6. E-Shop Tab.
<br> 7. I am looking for Search field.
<br> 8. Follow us Icons
<br> 9. Footer Text
<br> 10. Header Hyperlinks
</font> <br></br><img src="pass.png" height="18" width="18"><Strong><font color=#008000>Pass</font></strong> <br></br>Step 2 : Enter Credentials for login. <br></br><strong>Email Address : </strong><font color=#9400D3>voicetest290@gmail.com</font> <br></br>Step 3 : Click on Sign in button. <br></br><img src="info.png" alt="Info" height="18" width="18"><font color=#000080>Verify user is directed to the dashboard screen after successful login and verify following details.<br> 1. Logged in user name
<br> 2. Add to cart button
<br> 3. Zain Logo
<br> 4. Personal Tab
<br> 5. Business Tab
<br> 6. E-Shop Tab
<br> 7. 5G Tab
<br  8. Notifications dropdown
<br> 9. I am looking for Search field.
<br> 10. Profile Picture of user.
<br> 11. Name 
<br> 12. Nickname
</font> <br></br><strong>Logged in User Name :  : </strong><font color=#9400D3>Rutu Shah</font> <br></br><strong>Logged in User's NickName :  : </strong><font color=#9400D3>Rutu</font> <br></br><img src="pass.png" height="18" width="18"><Strong><font color=#008000>Pass</font></strong> <br></br>Step 4 : Click on E-Shop Tab. <br></br><img src="info.png" alt="Info" height="18" width="18"><font color=#000080>Verify user can see E-Shop Screen's content.</font> <br></br><strong>Total Available Products :  : </strong><font color=#9400D3>5</font> <br></br><img src="pass.png" height="18" width="18"><Strong><font color=#008000>Pass</font></strong> <br></br>Step 5 : Click on First available product. <br></br><img src="info.png" alt="Info" height="18" width="18"><font color=#000080>Verify selected product screen.</font> <br></br><img src="pass.png" height="18" width="18"><Strong><font color=#008000>Pass</font></strong> <br></br>Step 6 : Observe and click on the first thumbnail. <br></br><img src="info.png" alt="Info" height="18" width="18"><font color=#000080>Verify user can see information page of the thumbnail.</font> <br></br><img src="pass.png" height="18" width="18"><Strong><font color=#008000>Pass</font></strong> <br></br><img src="info.png" alt="Info" height="18" width="18"><font color=#000080>Verify select Iphone SE with black color and model number</font> <br></br><strong>Currently selected Mobile Color :   : </strong><font color=#9400D3>Black</font> <br></br><img src="info.png" alt="Info" height="18" width="18"><font color=#000080>Currently selected Mobile Model  : 64 GB</font> <br></br><img src="info.png" alt="Info" height="18" width="18"><font color=#000080>Currently selected Mobile price   : 1819.00</font> <br></br><img src="pass.png" height="18" width="18"><Strong><font color=#008000>Pass</font></strong> <br></br>Step 7 : Click on user name <br></br>Step 8 : Click on Logout. <br></br><img src="info.png" alt="Info" height="18" width="18"><font color=#000080>Verify the user is logout successfully.</font> <br></br><img src="pass.png" height="18" width="18"><Strong><font color=#008000>Pass</font></strong>  </system-out>
</testsuite> <!-- com.TBlocks_POC.TblocksIndex -->
