<?xml version="1.0" encoding="UTF-8"?>
<!-- Generated by org.testng.reporters.JUnitReportReporter -->
<testsuite skipped="0" hostname="DESKTOP-576CM0N" name="com.Zain.ZainIndex" tests="1" failures="0" timestamp="2020-09-16T12:12:14 IST" time="95.677" errors="0">
  <testcase name="testCaseScenario_01" time="95.677" classname="com.Zain.ZainIndex"/>
</testsuite> <!-- com.Zain.ZainIndex -->
