<?xml version="1.0" encoding="UTF-8"?>
<!-- Generated by org.testng.reporters.JUnitReportReporter -->
<testsuite skipped="0" hostname="DESKTOP-576CM0N" name="com.Zain.BrokenLinks" tests="2" failures="1" timestamp="2020-09-21T11:06:34 IST" time="247.226" errors="0">
  <testcase name="BrokenLinkTestCase" time="158.828" classname="com.Zain.BrokenLinks"/>
  <system-out>
 <h2> TS_WEB_002 :: To verify broken links of the web page. </h2> <h3> WebLink for which broken link is been checked  : -  <a> https://www.jio.com </a> </h3> <h4> Link Size : 34 </h4>   <h4>List of Broken Links </h4> <br></br><img src="pass.png" height="18" width="18"><Strong><font color=#008000>Pass</font></strong> https://www.jiosaavn.com/featured/weekly-top-15-hindi/8MT-LQlP35c_ -  <br> is a valid link. <br> <br> <br></br><img src="pass.png" height="18" width="18"><Strong><font color=#008000>Pass</font></strong> https://www.jiosaavn.com/ -  <br> is a valid link. <br> <br> <br></br><img src="pass.png" height="18" width="18"><Strong><font color=#008000>Pass</font></strong> https://www.jio.com/index-old.html -  <br> is a valid link. <br> <br> <br></br><img src="pass.png" height="18" width="18"><Strong><font color=#008000>Pass</font></strong> https://www.jio.com/fiber.html -  <br> is a valid link. <br> <br> <br></br><img src="pass.png" height="18" width="18"><Strong><font color=#008000>Pass</font></strong> https://www.jio.com/shop/cart -  <br> is a valid link. <br> <br> <br></br><img src="pass.png" height="18" width="18"><Strong><font color=#008000>Pass</font></strong> https://www.jio.com/welcome# -  <br> is a valid link. <br> <br> <br></br><img src="pass.png" height="18" width="18"><Strong><font color=#008000>Pass</font></strong> http://www.jio.com/zla/rechargenow -  <br> is a valid link. <br> <br> <br></br><img src="pass.png" height="18" width="18"><Strong><font color=#008000>Pass</font></strong> https://www.jio.com/JioApp/index.html?root=payBillNow -  <br> is a valid link. <br> <br> <br></br><img src="pass.png" height="18" width="18"><Strong><font color=#008000>Pass</font></strong> https://www.jio.com/dashboard/index.html?root=dashboard/myAccount -  <br> is a valid link. <br> <br> <br></br><img src="pass.png" height="18" width="18"><Strong><font color=#008000>Pass</font></strong> https://www.jio.com/dashboard/index.html?root=dashboard/manageAccounts -  <br> is a valid link. <br> <br> <br></br><img src="pass.png" height="18" width="18"><Strong><font color=#008000>Pass</font></strong> https://www.jio.com/selfcare/dashboard/mobility/order-tracking/ -  <br> is a valid link. <br> <br> <br></br><img src="pass.png" height="18" width="18"><Strong><font color=#008000>Pass</font></strong> https://www.jio.com/dashboard/index.html?root=dashboard/manageSupport -  <br> is a valid link. <br> <br> <br></br><img src="pass.png" height="18" width="18"><Strong><font color=#008000>Pass</font></strong> https://www.jio.com/selfcare/signout -  <br> is a valid link. <br> <br> <br></br><img src="pass.png" height="18" width="18"><Strong><font color=#008000>Pass</font></strong> https://www.jio.com/ -  <br> is a valid link. <br> <br> <br></br><img src="pass.png" height="18" width="18"><Strong><font color=#008000>Pass</font></strong> https://www.jio.com/index-old.html -  <br> is a valid link. <br> <br> <br></br><img src="pass.png" height="18" width="18"><Strong><font color=#008000>Pass</font></strong> https://www.jio.com/fiber.html -  <br> is a valid link. <br> <br> <br></br><img src="pass.png" height="18" width="18"><Strong><font color=#008000>Pass</font></strong> https://www.jio.com/welcome# -  <br> is a valid link. <br> <br> <br></br><img src="pass.png" height="18" width="18"><Strong><font color=#008000>Pass</font></strong> https://www.jio.com/en-in/4g-plans -  <br> is a valid link. <br> <br> <br></br><img src="pass.png" height="18" width="18"><Strong><font color=#008000>Pass</font></strong> https://www.jio.com/shop/en-in/c/jiofi -  <br> is a valid link. <br> <br> <br></br><img src="pass.png" height="18" width="18"><Strong><font color=#008000>Pass</font></strong> https://www.jio.com/en-in/apps -  <br> is a valid link. <br> <br> <br></br><img src="pass.png" height="18" width="18"><Strong><font color=#008000>Pass</font></strong> https://www.jio.com/en-in/jio-home-delivery-book-appointment.html -  <br> is a valid link. <br> <br> <br></br><img src="pass.png" height="18" width="18"><Strong><font color=#008000>Pass</font></strong> https://www.jio.com/en-in/selfhelp -  <br> is a valid link. <br> <br> <br></br><img src="pass.png" height="18" width="18"><Strong><font color=#008000>Pass</font></strong> http://www.jio.com/zla/rechargenow -  <br> is a valid link. <br> <br> <br></br><img src="pass.png" height="18" width="18"><Strong><font color=#008000>Pass</font></strong> https://www.jio.com/JioApp/index.html?root=payBillNow -  <br> is a valid link. <br> <br> <br></br><img src="pass.png" height="18" width="18"><Strong><font color=#008000>Pass</font></strong> https://www.jio.com/dashboard -  <br> is a valid link. <br> <br> <br></br><img src="pass.png" height="18" width="18"><Strong><font color=#008000>Pass</font></strong> https://www.jio.com/welcome# -  <br> is a valid link. <br> <br> <br></br><img src="pass.png" height="18" width="18"><Strong><font color=#008000>Pass</font></strong> https://www.jio.com/dashboard/index.html?root=dashboard/myAccount -  <br> is a valid link. <br> <br> <br></br><img src="pass.png" height="18" width="18"><Strong><font color=#008000>Pass</font></strong> https://www.jio.com/dashboard/index.html?root=dashboard/manageAccounts -  <br> is a valid link. <br> <br> <br></br><img src="pass.png" height="18" width="18"><Strong><font color=#008000>Pass</font></strong> https://www.jio.com/selfcare/dashboard/mobility/order-tracking/ -  <br> is a valid link. <br> <br> <br></br><img src="pass.png" height="18" width="18"><Strong><font color=#008000>Pass</font></strong> https://www.jio.com/dashboard/index.html?root=dashboard/manageSupport -  <br> is a valid link. <br> <br> <br></br><img src="pass.png" height="18" width="18"><Strong><font color=#008000>Pass</font></strong> https://www.jio.com/selfcare/signout -  <br> is a valid link. <br> <br> <br></br><img src="pass.png" height="18" width="18"><Strong><font color=#008000>Pass</font></strong> https://www.jio.com/shop/cart -  <br> is a valid link. <br> <br> <br></br><img src="pass.png" height="18" width="18"><Strong><font color=#008000>Pass</font></strong> https://www.jio.com/fiber.html -  <br> is a valid link. <br> <br> <br></br><img src="pass.png" height="18" width="18"><Strong><font color=#008000>Pass</font></strong> https://www.jio.com/index.html -  <br> is a valid link. <br> <br>  </system-out>
  <testcase name="BrokenLinkTestCase" time="88.398" classname="com.Zain.BrokenLinks">
    <failure type="java.lang.AssertionError" message="Test Verification failed, please check test log1s.">
      <![CDATA[java.lang.AssertionError: Test Verification failed, please check test log1s.
at org.testng.Assert.fail(Assert.java:99)
at com.Zain.BrokenLinks.BrokenLinkTestCase(BrokenLinks.java:114)
at sun.reflect.NativeMethodAccessorImpl.invoke0(Native Method)
at sun.reflect.NativeMethodAccessorImpl.invoke(NativeMethodAccessorImpl.java:62)
at sun.reflect.DelegatingMethodAccessorImpl.invoke(DelegatingMethodAccessorImpl.java:43)
at java.lang.reflect.Method.invoke(Method.java:498)
at org.testng.internal.MethodInvocationHelper.invokeMethod(MethodInvocationHelper.java:132)
at org.testng.internal.TestInvoker.invokeMethod(TestInvoker.java:599)
at org.testng.internal.TestInvoker.invokeTestMethod(TestInvoker.java:174)
at org.testng.internal.MethodRunner.runInSequence(MethodRunner.java:46)
at org.testng.internal.TestInvoker$MethodInvocationAgent.invoke(TestInvoker.java:822)
at org.testng.internal.TestInvoker.invokeTestMethods(TestInvoker.java:147)
at org.testng.internal.TestMethodWorker.invokeTestMethods(TestMethodWorker.java:146)
at org.testng.internal.TestMethodWorker.run(TestMethodWorker.java:128)
at java.util.ArrayList.forEach(ArrayList.java:1259)
at org.testng.TestRunner.privateRun(TestRunner.java:764)
at org.testng.TestRunner.run(TestRunner.java:585)
at org.testng.SuiteRunner.runTest(SuiteRunner.java:384)
at org.testng.SuiteRunner.runSequentially(SuiteRunner.java:378)
at org.testng.SuiteRunner.privateRun(SuiteRunner.java:337)
at org.testng.SuiteRunner.run(SuiteRunner.java:286)
at org.testng.SuiteRunnerWorker.runSuite(SuiteRunnerWorker.java:53)
at org.testng.SuiteRunnerWorker.run(SuiteRunnerWorker.java:96)
at org.testng.TestNG.runSuitesSequentially(TestNG.java:1218)
at org.testng.TestNG.runSuitesLocally(TestNG.java:1140)
at org.testng.TestNG.runSuites(TestNG.java:1069)
at org.testng.TestNG.run(TestNG.java:1037)
at com.intellij.rt.testng.IDEARemoteTestNG.run(IDEARemoteTestNG.java:66)
at com.intellij.rt.testng.RemoteTestNGStarter.main(RemoteTestNGStarter.java:110)
]]>
    </failure>
  </testcase> <!-- BrokenLinkTestCase -->
  <system-out>
 <h2> TS_WEB_002 :: To verify broken links of the web page. </h2> <h3> WebLink for which broken link is been checked  : -  <a> https://www.jio.com/shop/en-in/c/jiofi </a> </h3> <h4> Link Size : 99 </h4>   <h4>List of Broken Links </h4> <br></br><img src="pass.png" height="18" width="18"><Strong><font color=#008000>Pass</font></strong> https://www.jio.com/shop/en-in/c/jiofi -  <br> is a valid link. <br> <br> <br></br><img src="pass.png" height="18" width="18"><Strong><font color=#008000>Pass</font></strong> https://www.jio.com/fiber.html -  <br> is a valid link. <br> <br> <br></br><img src="pass.png" height="18" width="18"><Strong><font color=#008000>Pass</font></strong> https://www.jio.com/shop/cart -  <br> is a valid link. <br> <br> <br></br><img src="pass.png" height="18" width="18"><Strong><font color=#008000>Pass</font></strong> https://www.jio.com/shop/en-in/c/jiofi# -  <br> is a valid link. <br> <br> <br></br><img src="pass.png" height="18" width="18"><Strong><font color=#008000>Pass</font></strong> https://www.jio.com/en-in/4g-plans -  <br> is a valid link. <br> <br> <br></br><img src="pass.png" height="18" width="18"><Strong><font color=#008000>Pass</font></strong> https://www.jio.com/shop/c/JioFi -  <br> is a valid link. <br> <br> <br></br><img src="pass.png" height="18" width="18"><Strong><font color=#008000>Pass</font></strong> https://www.jio.com/en-in/apps -  <br> is a valid link. <br> <br> <br></br><img src="pass.png" height="18" width="18"><Strong><font color=#008000>Pass</font></strong> https://www.jio.com/en-in/jio-home-delivery-book-appointment.html -  <br> is a valid link. <br> <br> <br></br><img src="pass.png" height="18" width="18"><Strong><font color=#008000>Pass</font></strong> http://www.jio.com/ -  <br> is a valid link. <br> <br> <br></br><img src="pass.png" height="18" width="18"><Strong><font color=#008000>Pass</font></strong> https://www.jio.com/en-in/selfhelp -  <br> is a valid link. <br> <br> <br></br><img src="pass.png" height="18" width="18"><Strong><font color=#008000>Pass</font></strong> https://www.jio.com/shop/en-in/c/jiofi# -  <br> is a valid link. <br> <br> <br></br><img src="pass.png" height="18" width="18"><Strong><font color=#008000>Pass</font></strong> https://www.jio.com/selfcare/recharge/mobility/ -  <br> is a valid link. <br> <br> <br></br><img src="pass.png" height="18" width="18"><Strong><font color=#008000>Pass</font></strong> https://www.jio.com/shop/en-in/c/jiofi# -  <br> is a valid link. <br> <br> <br></br><img src="pass.png" height="18" width="18"><Strong><font color=#008000>Pass</font></strong> https://www.jio.com/JioApp/index.html?root=payBillNow -  <br> is a valid link. <br> <br> <br></br><img src="pass.png" height="18" width="18"><Strong><font color=#008000>Pass</font></strong> https://www.jio.com/dashboard/ -  <br> is a valid link. <br> <br> <br></br><img src="pass.png" height="18" width="18"><Strong><font color=#008000>Pass</font></strong> https://www.jio.com/dashboard/index.html?root=dashboard/myAccount -  <br> is a valid link. <br> <br> <br></br><img src="pass.png" height="18" width="18"><Strong><font color=#008000>Pass</font></strong> https://www.jio.com/Jio/portal/aboutMe?_adf.ctrl-state=b2hkomc53_4 -  <br> is a valid link. <br> <br> <br></br><img src="pass.png" height="18" width="18"><Strong><font color=#008000>Pass</font></strong> https://www.jio.com/dashboard/index.html?root=dashboard/manageAccounts -  <br> is a valid link. <br> <br> <br></br><img src="pass.png" height="18" width="18"><Strong><font color=#008000>Pass</font></strong> https://www.jio.com/selfcare/dashboard/mobility/order-tracking/ -  <br> is a valid link. <br> <br> <br></br><img src="pass.png" height="18" width="18"><Strong><font color=#008000>Pass</font></strong> https://www.jio.com/dashboard/index.html?root=dashboard/manageSupport -  <br> is a valid link. <br> <br> <br></br><img src="fail.png" alt="Fail" height="18" width="18"><Strong><font color=#ff0000>Fail</font></strong> https://www.jio.com/shop/en-in/c/quick-recharge.html -  <br> is a broken link. <br> <br>  </system-out>
</testsuite> <!-- com.Zain.BrokenLinks -->
