<?xml version="1.0" encoding="UTF-8"?>
<!-- Generated by org.testng.reporters.JUnitReportReporter -->
<testsuite skipped="0" hostname="DESKTOP-576CM0N" name="com.TBlocks_POC.TblocksIndex" tests="3" failures="1" timestamp="2020-09-23T21:45:03 IST" time="79.891" errors="1">
  <testcase name="jio_verify2GBPlansNegativeFlow" time="13.569" classname="com.TBlocks_POC.TblocksIndex">
    <failure type="java.lang.AssertionError" message="Test Verification failed, please check test logs.">
      <![CDATA[java.lang.AssertionError: Test Verification failed, please check test logs.
at org.testng.Assert.fail(Assert.java:99)
at com.TBlocks_POC.TblocksIndex.jio_verify2GBPlansNegativeFlow(TblocksIndex.java:297)
at sun.reflect.NativeMethodAccessorImpl.invoke0(Native Method)
at sun.reflect.NativeMethodAccessorImpl.invoke(NativeMethodAccessorImpl.java:62)
at sun.reflect.DelegatingMethodAccessorImpl.invoke(DelegatingMethodAccessorImpl.java:43)
at java.lang.reflect.Method.invoke(Method.java:498)
at org.testng.internal.MethodInvocationHelper.invokeMethod(MethodInvocationHelper.java:132)
at org.testng.internal.TestInvoker.invokeMethod(TestInvoker.java:599)
at org.testng.internal.TestInvoker.invokeTestMethod(TestInvoker.java:174)
at org.testng.internal.MethodRunner.runInSequence(MethodRunner.java:46)
at org.testng.internal.TestInvoker$MethodInvocationAgent.invoke(TestInvoker.java:822)
at org.testng.internal.TestInvoker.invokeTestMethods(TestInvoker.java:147)
at org.testng.internal.TestMethodWorker.invokeTestMethods(TestMethodWorker.java:146)
at org.testng.internal.TestMethodWorker.run(TestMethodWorker.java:128)
at java.util.ArrayList.forEach(ArrayList.java:1259)
at org.testng.TestRunner.privateRun(TestRunner.java:764)
at org.testng.TestRunner.run(TestRunner.java:585)
at org.testng.SuiteRunner.runTest(SuiteRunner.java:384)
at org.testng.SuiteRunner.access$000(SuiteRunner.java:28)
at org.testng.SuiteRunner$SuiteWorker.run(SuiteRunner.java:425)
at org.testng.internal.thread.ThreadUtil.lambda$execute$0(ThreadUtil.java:66)
at java.util.concurrent.FutureTask.run(FutureTask.java:266)
at java.util.concurrent.ThreadPoolExecutor.runWorker(ThreadPoolExecutor.java:1149)
at java.util.concurrent.ThreadPoolExecutor$Worker.run(ThreadPoolExecutor.java:624)
at java.lang.Thread.run(Thread.java:748)
]]>
    </failure>
  </testcase> <!-- jio_verify2GBPlansNegativeFlow -->
  <system-out>
<br></br><strong>TS_WEB_004 :: To verify 2 GB/Day Packs pricing of plans, validity and benefits Negative flow.</strong> <br></br><img src="info.png" alt="Info" height="18" width="18"><font color=#000080>Verify user can see Jio plans screen.</font> <br></br><img src="pass.png" height="18" width="18"><Strong><font color=#008000>Pass</font></strong> <br></br><img src="info.png" alt="Info" height="18" width="18"><font color=#000080>Verify pricing of 2GB/Day plans should be as below <br> Verify first plan of 2GB/Day Page.</font> <br></br><strong>----------------Details on Jio Popular Plans Page-------------</strong> <br></br><strong>First Plan Price :  : </strong><font color=#9400D3>598</font> <br></br><strong>First Plan Validity :  : </strong><font color=#9400D3>56 days</font> <br></br><strong>First Plan Benefits :  : </strong><font color=#9400D3>Unlimited 112GB & Disney+ Hotstar</font> <br></br><strong>----------------Details of Jio Popular Plans in excel sheet -------------</strong> <br></br><strong>First plan price :  : </strong><font color=#9400D3>698</font> <br></br><strong>First plan validity :  : </strong><font color=#9400D3>30 days</font> <br></br><strong>First Plan Benefits :  : </strong><font color=#9400D3>112GB & Disney+ Hotstar</font> <br></br><img src="info.png" alt="Info" height="18" width="18"><font color=#000080>Verify first plan 2GB/Day details are same on screen and excel sheet.</font> <br></br><br><Strong><font color=#FF0000>--- Failure Screen Image ---</font></strong><br> <br></br><a href='../test-output/screenshots/0923214258847.png' target='_new'>0923214258847.png</a> <br></br><img src="fail.png" alt="Fail" height="18" width="18"><Strong><font color=#ff0000>Fail</font></strong> <br></br><img src="info.png" alt="Info" height="18" width="18"><font color=#000080>Verify pricing of 2GB/Day plans should be as below <br> Verify second plan of 2GB/Day Page.</font> <br></br><strong>----------------Details on Jio Popular Plans Page-------------</strong> <br></br><strong>Second Plan Price :  : </strong><font color=#9400D3>2599</font> <br></br><strong>Second Plan Validity :  : </strong><font color=#9400D3>365 days</font> <br></br><strong>Second Plan Benefits :  : </strong><font color=#9400D3>Unlimited 740GB & Disney+ Hotstar</font> <br></br><strong>----------------Details of Jio Popular Plans in excel sheet -------------</strong> <br></br><strong>Second plan price :  : </strong><font color=#9400D3>2599</font> <br></br><strong>Second plan validity :  : </strong><font color=#9400D3>365 days</font> <br></br><strong>Second Plan Benefits :  : </strong><font color=#9400D3>740GB & Disney+ Hotstar</font> <br></br><img src="info.png" alt="Info" height="18" width="18"><font color=#000080>Verify Second plan 2GB/Day details are same on screen and excel sheet.</font> <br></br><img src="pass.png" height="18" width="18"><Strong><font color=#008000>Pass</font></strong> <br></br><img src="info.png" alt="Info" height="18" width="18"><font color=#000080>Verify pricing of 2GB/Day plans should be as below <br> Verify third plan of 2GB/Day Page.</font> <br></br><strong>----------------Details on Jio Popular Plans Page-------------</strong> <br></br><strong>Third Plan Price :  : </strong><font color=#9400D3>2399</font> <br></br><strong>Third Plan Validity :  : </strong><font color=#9400D3>365 days</font> <br></br><strong>Third Plan Benefits :  : </strong><font color=#9400D3>730 GB</font> <br></br><strong>----------------Details of Jio Popular Plans in excel sheet -------------</strong> <br></br><strong>Third plan price :  : </strong><font color=#9400D3>2399</font> <br></br><strong>Third plan validity :  : </strong><font color=#9400D3>365 days</font> <br></br><strong>Third Plan Benefits :  : </strong><font color=#9400D3>1 GB </font> <br></br><img src="info.png" alt="Info" height="18" width="18"><font color=#000080>Verify Third plan 2GB/Day details are same on screen and excel sheet.</font> <br></br><br><Strong><font color=#FF0000>--- Failure Screen Image ---</font></strong><br> <br></br><a href='../test-output/screenshots/0923214259334.png' target='_new'>0923214259334.png</a> <br></br><img src="fail.png" alt="Fail" height="18" width="18"><Strong><font color=#ff0000>Fail</font></strong> <br></br><img src="info.png" alt="Info" height="18" width="18"><font color=#000080>Verify pricing of 2GB/Day plans should be as below <br> Verify forth plan of 2GB/Day Page.</font> <br></br><strong>----------------Details on Jio Popular Plans Page-------------</strong> <br></br><strong>Forth Plan Price :  : </strong><font color=#9400D3>599</font> <br></br><strong>Forth Plan Validity :  : </strong><font color=#9400D3>84 days</font> <br></br><strong>Forth Plan Benefits :  : </strong><font color=#9400D3>168 GB</font> <br></br><strong>----------------Details of Jio Popular Plans in excel sheet -------------</strong> <br></br><strong>Forth plan price :  : </strong><font color=#9400D3>599</font> <br></br><strong>Forth plan validity :  : </strong><font color=#9400D3>84 days</font> <br></br><strong>Forth Plan Benefits :  : </strong><font color=#9400D3>168 GB </font> <br></br><img src="info.png" alt="Info" height="18" width="18"><font color=#000080>Verify Forth plan 2GB/Day details are same on screen and excel sheet.</font> <br></br><img src="pass.png" height="18" width="18"><Strong><font color=#008000>Pass</font></strong> <br></br><img src="info.png" alt="Info" height="18" width="18"><font color=#000080>Verify pricing of 2GB/Day plans should be as below <br> Verify fifth plan of 2GB/Day Page.</font> <br></br><strong>----------------Details on Jio Popular Plans Page-------------</strong> <br></br><strong>Fifth Plan Price :  : </strong><font color=#9400D3>444</font> <br></br><strong>Fifth Plan Validity :  : </strong><font color=#9400D3>56 days</font> <br></br><strong>Fifth Plan Benefits :  : </strong><font color=#9400D3>112 GB</font> <br></br><strong>----------------Details of Jio Popular Plans in excel sheet -------------</strong> <br></br><strong>Fifth plan price :  : </strong><font color=#9400D3>444</font> <br></br><strong>Fifth plan validity :  : </strong><font color=#9400D3>56 days</font> <br></br><strong>Fifth Plan Benefits :  : </strong><font color=#9400D3>112 GB </font> <br></br><img src="info.png" alt="Info" height="18" width="18"><font color=#000080>Verify Fifth plan 2GB/Day details are same on screen and excel sheet.</font> <br></br><img src="pass.png" height="18" width="18"><Strong><font color=#008000>Pass</font></strong> <br></br><img src="info.png" alt="Info" height="18" width="18"><font color=#000080>Verify pricing of 2GB/Day plans should be as below <br> Verify sixth plan of 2GB/Day Page.</font> <br></br><strong>----------------Details on Jio Popular Plans Page-------------</strong> <br></br><strong>Sixth Plan Price :  : </strong><font color=#9400D3>249</font> <br></br><strong>Sixth Plan Validity :  : </strong><font color=#9400D3>28 days</font> <br></br><strong>Sixth Plan Benefits :  : </strong><font color=#9400D3>56 GB</font> <br></br><strong>----------------Details of Jio Popular Plans in excel sheet -------------</strong> <br></br><strong>Sixth plan price :  : </strong><font color=#9400D3>2492</font> <br></br><strong>Sixth plan validity :  : </strong><font color=#9400D3>28 days</font> <br></br><strong>Sixth Plan Benefits :  : </strong><font color=#9400D3>56 GB </font> <br></br><img src="info.png" alt="Info" height="18" width="18"><font color=#000080>Verify Sixth plan 2GB/Day details are same on screen and excel sheet.</font> <br></br><br><Strong><font color=#FF0000>--- Failure Screen Image ---</font></strong><br> <br></br><a href='../test-output/screenshots/092321430064.png' target='_new'>092321430064.png</a> <br></br><img src="fail.png" alt="Fail" height="18" width="18"><Strong><font color=#ff0000>Fail</font></strong> <br></br><br><Strong><font color=#FF0000>--- Failure Screen Image ---</font></strong><br> <br></br><a href='../test-output/screenshots/0923214300368jio_verify2GBPlansNegativeFlow.png' target='_new'>0923214300368jio_verify2GBPlansNegativeFlow.png</a> <br></br><img src="fail.png" alt="Fail" height="18" width="18"><Strong><font color=#ff0000>Fail</font></strong> <br></br><strong>Failure Reason: : </strong><font color=#9400D3></font> <br></br><img src="warning.png" alt="Warning" height="18" width="18">Validation Message : <Strong><font color=#ff0000>java.lang.AssertionError: Test Verification failed, please check test logs.</strong></font>  </system-out>
  <testcase name="zain_verifyLogin_Dashboard_Price" time="51.285" classname="com.TBlocks_POC.TblocksIndex">
    <error type="org.openqa.selenium.NoSuchElementException" message="Timed out after 10 seconds. Unable to locate the element">
      <![CDATA[org.openqa.selenium.NoSuchElementException: Timed out after 10 seconds. Unable to locate the element
at org.openqa.selenium.support.pagefactory.AjaxElementLocator.findElement(AjaxElementLocator.java:99)
at org.openqa.selenium.support.pagefactory.internal.LocatingElementHandler.invoke(LocatingElementHandler.java:38)
at com.sun.proxy.$Proxy13.getAttribute(Unknown Source)
at com.framework.common.Common.getInnerValue(Common.java:285)
at com.TBlocks_POC.TblocksVerification.verifyZainDashboardScreen(TblocksVerification.java:235)
at com.TBlocks_POC.TblocksIndex.zain_verifyLogin_Dashboard_Price(TblocksIndex.java:70)
at sun.reflect.NativeMethodAccessorImpl.invoke0(Native Method)
at sun.reflect.NativeMethodAccessorImpl.invoke(NativeMethodAccessorImpl.java:62)
at sun.reflect.DelegatingMethodAccessorImpl.invoke(DelegatingMethodAccessorImpl.java:43)
at java.lang.reflect.Method.invoke(Method.java:498)
at org.testng.internal.MethodInvocationHelper.invokeMethod(MethodInvocationHelper.java:132)
at org.testng.internal.TestInvoker.invokeMethod(TestInvoker.java:599)
at org.testng.internal.TestInvoker.invokeTestMethod(TestInvoker.java:174)
at org.testng.internal.MethodRunner.runInSequence(MethodRunner.java:46)
at org.testng.internal.TestInvoker$MethodInvocationAgent.invoke(TestInvoker.java:822)
at org.testng.internal.TestInvoker.invokeTestMethods(TestInvoker.java:147)
at org.testng.internal.TestMethodWorker.invokeTestMethods(TestMethodWorker.java:146)
at org.testng.internal.TestMethodWorker.run(TestMethodWorker.java:128)
at java.util.ArrayList.forEach(ArrayList.java:1259)
at org.testng.TestRunner.privateRun(TestRunner.java:764)
at org.testng.TestRunner.run(TestRunner.java:585)
at org.testng.SuiteRunner.runTest(SuiteRunner.java:384)
at org.testng.SuiteRunner.access$000(SuiteRunner.java:28)
at org.testng.SuiteRunner$SuiteWorker.run(SuiteRunner.java:425)
at org.testng.internal.thread.ThreadUtil.lambda$execute$0(ThreadUtil.java:66)
at java.util.concurrent.FutureTask.run(FutureTask.java:266)
at java.util.concurrent.ThreadPoolExecutor.runWorker(ThreadPoolExecutor.java:1149)
at java.util.concurrent.ThreadPoolExecutor$Worker.run(ThreadPoolExecutor.java:624)
at java.lang.Thread.run(Thread.java:748)
Caused by: org.openqa.selenium.NoSuchElementException: no such element: Unable to locate element: {"method":"xpath","selector":"//input[@id='elementn_widgets_ValidationTextBox_2']"}
  (Session info: chrome=85.0.4183.121)
For documentation on this error, please visit: https://www.seleniumhq.org/exceptions/no_such_element.html
Build info: version: '3.141.59', revision: 'e82be7d358', time: '2018-11-14T08:17:03'
System info: host: 'DESKTOP-576CM0N', ip: '192.168.0.105', os.name: 'Windows 10', os.arch: 'amd64', os.version: '10.0', java.version: '1.8.0_261'
Driver info: org.openqa.selenium.chrome.ChromeDriver
Capabilities {acceptInsecureCerts: false, browserName: chrome, browserVersion: 85.0.4183.121, chrome: {chromedriverVersion: 84.0.4147.30 (48b3e868b4cc0..., userDataDir: C:\Users\Laptop\AppData\Loc...}, goog:chromeOptions: {debuggerAddress: localhost:55706}, javascriptEnabled: true, networkConnectionEnabled: false, pageLoadStrategy: normal, platform: WINDOWS, platformName: WINDOWS, proxy: Proxy(), setWindowRect: true, strictFileInteractability: false, timeouts: {implicit: 0, pageLoad: 300000, script: 30000}, unhandledPromptBehavior: dismiss and notify, webauthn:virtualAuthenticators: true}
Session ID: 1b13a4fa56f86b75e712feffd1e1e2c9
*** Element info: {Using=xpath, value=//input[@id='elementn_widgets_ValidationTextBox_2']}
at sun.reflect.GeneratedConstructorAccessor70.newInstance(Unknown Source)
at sun.reflect.DelegatingConstructorAccessorImpl.newInstance(DelegatingConstructorAccessorImpl.java:45)
at java.lang.reflect.Constructor.newInstance(Constructor.java:423)
at org.openqa.selenium.remote.http.W3CHttpResponseCodec.createException(W3CHttpResponseCodec.java:187)
at org.openqa.selenium.remote.http.W3CHttpResponseCodec.decode(W3CHttpResponseCodec.java:122)
at org.openqa.selenium.remote.http.W3CHttpResponseCodec.decode(W3CHttpResponseCodec.java:49)
at org.openqa.selenium.remote.HttpCommandExecutor.execute(HttpCommandExecutor.java:158)
at org.openqa.selenium.remote.service.DriverCommandExecutor.execute(DriverCommandExecutor.java:83)
at org.openqa.selenium.remote.RemoteWebDriver.execute(RemoteWebDriver.java:552)
at org.openqa.selenium.remote.RemoteWebDriver.findElement(RemoteWebDriver.java:323)
at org.openqa.selenium.remote.RemoteWebDriver.findElementByXPath(RemoteWebDriver.java:428)
at org.openqa.selenium.By$ByXPath.findElement(By.java:353)
at org.openqa.selenium.remote.RemoteWebDriver.findElement(RemoteWebDriver.java:315)
at org.openqa.selenium.support.pagefactory.DefaultElementLocator.findElement(DefaultElementLocator.java:69)
at org.openqa.selenium.support.pagefactory.AjaxElementLocator.access$001(AjaxElementLocator.java:39)
at org.openqa.selenium.support.pagefactory.AjaxElementLocator$SlowLoadingElement.isLoaded(AjaxElementLocator.java:165)
at org.openqa.selenium.support.ui.SlowLoadableComponent.get(SlowLoadableComponent.java:72)
at org.openqa.selenium.support.pagefactory.AjaxElementLocator.findElement(AjaxElementLocator.java:95)
... 28 more
]]>
    </error>
  </testcase> <!-- zain_verifyLogin_Dashboard_Price -->
  <system-out>
<br></br><strong>TS_WEB_001 ::  To perform login, verify Dashboard and Add device from E-Shop and price verification.</strong> <br></br><img src="info.png" alt="Info" height="18" width="18"><font color=#000080>Version is not available for the current build.</font> <br></br><img src="info.png" alt="Info" height="18" width="18"><font color=#000080>To verify that user can see the home page of the " Zain Web Application " .</font> <br></br><img src="pass.png" height="18" width="18"><Strong><font color=#008000>Pass</font></strong> <br></br>Step 1 : Click on My Zain Account button from the top right corner of the web application. <br></br><img src="info.png" alt="Info" height="18" width="18"><font color=#000080>Verify that user can see " Login Screen " of zain web application with following fields.<br> 1. Zain Logo <br> 2. Login Panel <br> 3. Register Panel<br> 4. Personal Tab<br> 5. Business Tab.
<br> 6. E-Shop Tab.
<br> 7. I am looking for Search field.
<br> 8. Follow us Icons
<br> 9. Footer Text
<br> 10. Header Hyperlinks
</font> <br></br><img src="pass.png" height="18" width="18"><Strong><font color=#008000>Pass</font></strong> <br></br>Step 2 : Enter Credentials for login. <br></br><strong>Email Address : </strong><font color=#9400D3>voicetest290@gmail.com</font> <br></br>Step 3 : Click on Sign in button. <br></br><img src="info.png" alt="Info" height="18" width="18"><font color=#000080>Verify user is directed to the dashboard screen after successful login and verify following details.<br> 1. Logged in user name
<br> 2. Add to cart button
<br> 3. Zain Logo
<br> 4. Personal Tab
<br> 5. Business Tab
<br> 6. E-Shop Tab
<br> 7. 5G Tab
<br  8. Notifications dropdown
<br> 9. I am looking for Search field.
<br> 10. Profile Picture of user.
<br> 11. Name 
<br> 12. Nickname
</font> <br></br><br><Strong><font color=#FF0000>--- Failure Screen Image ---</font></strong><br> <br></br><a href='../test-output/screenshots/0923214302854zain_verifyLogin_Dashboard_Price.png' target='_new'>0923214302854zain_verifyLogin_Dashboard_Price.png</a> <br></br><img src="fail.png" alt="Fail" height="18" width="18"><Strong><font color=#ff0000>Fail</font></strong> <br></br><strong>Failure Reason: : </strong><font color=#9400D3></font> <br></br><img src="warning.png" alt="Warning" height="18" width="18">Validation Message : <Strong><font color=#ff0000>org.openqa.selenium.NoSuchElementException: Timed out after 10 seconds. Unable to locate the element</strong></font>  </system-out>
  <testcase name="jio_verify2GBPlansPositiveFlow" time="15.037" classname="com.TBlocks_POC.TblocksIndex"/>
  <system-out>
<br></br><strong>TS_WEB_003 :: To verify 2 GB/Day Packs pricing of plans, validity and benefits.</strong> <br></br><img src="info.png" alt="Info" height="18" width="18"><font color=#000080>Verify user can see Jio plans screen.</font> <br></br><img src="pass.png" height="18" width="18"><Strong><font color=#008000>Pass</font></strong> <br></br><img src="info.png" alt="Info" height="18" width="18"><font color=#000080>Verify pricing of 2GB/Day plans should be as below <br> Verify first plan of 2GB/Day Page.</font> <br></br><strong>----------------Details on Jio Popular Plans Page-------------</strong> <br></br><strong>First Plan Price :  : </strong><font color=#9400D3>598</font> <br></br><strong>First Plan Validity :  : </strong><font color=#9400D3>56 days</font> <br></br><strong>First Plan Benefits :  : </strong><font color=#9400D3>Unlimited 112GB & Disney+ Hotstar</font> <br></br><strong>----------------Details of Jio Popular Plans in excel sheet -------------</strong> <br></br><strong>First plan price :  : </strong><font color=#9400D3>598</font> <br></br><strong>First plan validity :  : </strong><font color=#9400D3>56 days</font> <br></br><strong>First Plan Benefits :  : </strong><font color=#9400D3>112GB & Disney+ Hotstar</font> <br></br><img src="info.png" alt="Info" height="18" width="18"><font color=#000080>Verify first plan 2GB/Day details are same on screen and excel sheet.</font> <br></br><img src="pass.png" height="18" width="18"><Strong><font color=#008000>Pass</font></strong> <br></br><img src="info.png" alt="Info" height="18" width="18"><font color=#000080>Verify pricing of 2GB/Day plans should be as below <br> Verify second plan of 2GB/Day Page.</font> <br></br><strong>----------------Details on Jio Popular Plans Page-------------</strong> <br></br><strong>Second Plan Price :  : </strong><font color=#9400D3>2599</font> <br></br><strong>Second Plan Validity :  : </strong><font color=#9400D3>365 days</font> <br></br><strong>Second Plan Benefits :  : </strong><font color=#9400D3>Unlimited 740GB & Disney+ Hotstar</font> <br></br><strong>----------------Details of Jio Popular Plans in excel sheet -------------</strong> <br></br><strong>Second plan price :  : </strong><font color=#9400D3>2599</font> <br></br><strong>Second plan validity :  : </strong><font color=#9400D3>365 days</font> <br></br><strong>Second Plan Benefits :  : </strong><font color=#9400D3>740GB & Disney+ Hotstar</font> <br></br><img src="info.png" alt="Info" height="18" width="18"><font color=#000080>Verify Second plan 2GB/Day details are same on screen and excel sheet.</font> <br></br><img src="pass.png" height="18" width="18"><Strong><font color=#008000>Pass</font></strong> <br></br><img src="info.png" alt="Info" height="18" width="18"><font color=#000080>Verify pricing of 2GB/Day plans should be as below <br> Verify third plan of 2GB/Day Page.</font> <br></br><strong>----------------Details on Jio Popular Plans Page-------------</strong> <br></br><strong>Third Plan Price :  : </strong><font color=#9400D3>2399</font> <br></br><strong>Third Plan Validity :  : </strong><font color=#9400D3>365 days</font> <br></br><strong>Third Plan Benefits :  : </strong><font color=#9400D3>730 GB</font> <br></br><strong>----------------Details of Jio Popular Plans in excel sheet -------------</strong> <br></br><strong>Third plan price :  : </strong><font color=#9400D3>2399</font> <br></br><strong>Third plan validity :  : </strong><font color=#9400D3>365 days</font> <br></br><strong>Third Plan Benefits :  : </strong><font color=#9400D3>730 GB </font> <br></br><img src="info.png" alt="Info" height="18" width="18"><font color=#000080>Verify Third plan 2GB/Day details are same on screen and excel sheet.</font> <br></br><img src="pass.png" height="18" width="18"><Strong><font color=#008000>Pass</font></strong> <br></br><img src="info.png" alt="Info" height="18" width="18"><font color=#000080>Verify pricing of 2GB/Day plans should be as below <br> Verify forth plan of 2GB/Day Page.</font> <br></br><strong>----------------Details on Jio Popular Plans Page-------------</strong> <br></br><strong>Forth Plan Price :  : </strong><font color=#9400D3>599</font> <br></br><strong>Forth Plan Validity :  : </strong><font color=#9400D3>84 days</font> <br></br><strong>Forth Plan Benefits :  : </strong><font color=#9400D3>168 GB</font> <br></br><strong>----------------Details of Jio Popular Plans in excel sheet -------------</strong> <br></br><strong>Forth plan price :  : </strong><font color=#9400D3>599</font> <br></br><strong>Forth plan validity :  : </strong><font color=#9400D3>84 days</font> <br></br><strong>Forth Plan Benefits :  : </strong><font color=#9400D3>168 GB </font> <br></br><img src="info.png" alt="Info" height="18" width="18"><font color=#000080>Verify Forth plan 2GB/Day details are same on screen and excel sheet.</font> <br></br><img src="pass.png" height="18" width="18"><Strong><font color=#008000>Pass</font></strong> <br></br><img src="info.png" alt="Info" height="18" width="18"><font color=#000080>Verify pricing of 2GB/Day plans should be as below <br> Verify fifth plan of 2GB/Day Page.</font> <br></br><strong>----------------Details on Jio Popular Plans Page-------------</strong> <br></br><strong>Fifth Plan Price :  : </strong><font color=#9400D3>444</font> <br></br><strong>Fifth Plan Validity :  : </strong><font color=#9400D3>56 days</font> <br></br><strong>Fifth Plan Benefits :  : </strong><font color=#9400D3>112 GB</font> <br></br><strong>----------------Details of Jio Popular Plans in excel sheet -------------</strong> <br></br><strong>Fifth plan price :  : </strong><font color=#9400D3>444</font> <br></br><strong>Fifth plan validity :  : </strong><font color=#9400D3>56 days</font> <br></br><strong>Fifth Plan Benefits :  : </strong><font color=#9400D3>112 GB </font> <br></br><img src="info.png" alt="Info" height="18" width="18"><font color=#000080>Verify Fifth plan 2GB/Day details are same on screen and excel sheet.</font> <br></br><img src="pass.png" height="18" width="18"><Strong><font color=#008000>Pass</font></strong> <br></br><img src="info.png" alt="Info" height="18" width="18"><font color=#000080>Verify pricing of 2GB/Day plans should be as below <br> Verify sixth plan of 2GB/Day Page.</font> <br></br><strong>----------------Details on Jio Popular Plans Page-------------</strong> <br></br><strong>Sixth Plan Price :  : </strong><font color=#9400D3>249</font> <br></br><strong>Sixth Plan Validity :  : </strong><font color=#9400D3>28 days</font> <br></br><strong>Sixth Plan Benefits :  : </strong><font color=#9400D3>56 GB</font> <br></br><strong>----------------Details of Jio Popular Plans in excel sheet -------------</strong> <br></br><strong>Sixth plan price :  : </strong><font color=#9400D3>249</font> <br></br><strong>Sixth plan validity :  : </strong><font color=#9400D3>28 days</font> <br></br><strong>Sixth Plan Benefits :  : </strong><font color=#9400D3>56 GB </font> <br></br><img src="info.png" alt="Info" height="18" width="18"><font color=#000080>Verify Sixth plan 2GB/Day details are same on screen and excel sheet.</font> <br></br><img src="pass.png" height="18" width="18"><Strong><font color=#008000>Pass</font></strong>  </system-out>
</testsuite> <!-- com.TBlocks_POC.TblocksIndex -->
